<?xml version="1.0" encoding="UTF-8"?>
<!-- Generated by org.testng.reporters.JUnitReportReporter -->
<testsuite hostname="LTIN215225" failures="0" tests="1" name="com.TestCases.TS002_GettingAllSubOptions" time="2.534" errors="0" timestamp="2024-03-05T10:15:46 IST" skipped="0">
  <testcase classname="com.TestCases.TS002_GettingAllSubOptions" name="getAllOptions" time="2.534"/>
</testsuite> <!-- com.TestCases.TS002_GettingAllSubOptions -->
