<?xml version="1.0" encoding="UTF-8"?>
<!-- Generated by org.testng.reporters.JUnitReportReporter -->
<testsuite hostname="LTIN215225" failures="0" tests="8" name="com.TestCases.TS003_FormFilling" time="53.968" errors="0" timestamp="2024-03-05T10:15:46 IST" skipped="0">
  <testcase classname="com.TestCases.TS003_FormFilling" name="getPageTitle" time="5.844"/>
  <testcase classname="com.TestCases.TS003_FormFilling" name="amount1" time="0.661"/>
  <testcase classname="com.TestCases.TS003_FormFilling" name="amount2" time="2.549"/>
  <testcase classname="com.TestCases.TS003_FormFilling" name="amount3" time="2.759"/>
  <testcase classname="com.TestCases.TS003_FormFilling" name="giftcardForm" time="9.819"/>
  <testcase classname="com.TestCases.TS003_FormFilling" name="giftcardForm" time="10.247"/>
  <testcase classname="com.TestCases.TS003_FormFilling" name="giftcardForm" time="11.807"/>
  <testcase classname="com.TestCases.TS003_FormFilling" name="giftcardForm" time="10.282"/>
</testsuite> <!-- com.TestCases.TS003_FormFilling -->
