<?xml version="1.0" encoding="UTF-8"?>
<!-- Generated by org.testng.reporters.JUnitReportReporter -->
<testsuite hostname="LTIN215225" failures="0" tests="3" name="com.TestCases.TS001_GettingTopThree_BookShelves" time="61.224" errors="0" timestamp="2024-03-05T10:15:46 IST" skipped="0">
  <testcase classname="com.TestCases.TS001_GettingTopThree_BookShelves" name="getTitle" time="0.147"/>
  <testcase classname="com.TestCases.TS001_GettingTopThree_BookShelves" name="Clickable" time="30.849"/>
  <testcase classname="com.TestCases.TS001_GettingTopThree_BookShelves" name="getBookshelves" time="30.228"/>
</testsuite> <!-- com.TestCases.TS001_GettingTopThree_BookShelves -->
